<?xml version="1.0" encoding="UTF-8"?>
<!-- Generated by org.testng.reporters.JUnitReportReporter -->
<testsuite skipped="0" hostname="DESKTOP-H9K4PFM" name="com.restassured.study.Test01_GET" tests="1" failures="0" timestamp="13 Aug 2020 09:11:40 GMT" time="2.168" errors="0">
  <testcase name="test_01" time="2.168" classname="com.restassured.study.Test01_GET"/>
</testsuite> <!-- com.restassured.study.Test01_GET -->
