<?xml version="1.0" encoding="UTF-8"?>
<!-- Generated by org.testng.reporters.JUnitReportReporter -->
<testsuite skipped="0" hostname="DESKTOP-H9K4PFM" name="com.restassured.study.Test01_GET" tests="1" failures="0" timestamp="2020-08-13T14:37:52 IST" time="2.666" errors="0">
  <testcase name="test_01" time="2.666" classname="com.restassured.study.Test01_GET"/>
  <system-out/>
</testsuite> <!-- com.restassured.study.Test01_GET -->
